<?xml version="1.0" encoding="UTF-8"?>
<!-- Generated by org.testng.reporters.JUnitReportReporter -->
<testsuite hostname="hp-PC" failures="0" tests="4" name="testngwork.verify" time="0.031" errors="0" timestamp="2021-07-03T21:36:54 IST" skipped="0">
  <testcase classname="testngwork.verify" name="m2" time="0.004"/>
  <system-out/>
  <testcase classname="testngwork.verify" name="m4" time="0.004"/>
  <system-out/>
  <testcase classname="testngwork.verify" name="m1" time="0.018"/>
  <system-out/>
  <testcase classname="testngwork.verify" name="m3" time="0.005"/>
  <system-out/>
</testsuite> <!-- testngwork.verify -->
